[debug] [2023-02-08T21:55:47.646Z] ----------------------------------------------------------------------
[debug] [2023-02-08T21:55:47.647Z] Command:       C:\Program Files\nodejs\node.exe C:\Users\marti\AppData\Roaming\npm\node_modules\firebase-tools\lib\bin\firebase.js init
[debug] [2023-02-08T21:55:47.647Z] CLI Version:   11.22.0
[debug] [2023-02-08T21:55:47.648Z] Platform:      win32
[debug] [2023-02-08T21:55:47.648Z] Node Version:  v18.13.0
[debug] [2023-02-08T21:55:47.648Z] Time:          Wed Feb 08 2023 22:55:47 GMT+0100 (Midden-Europese standaardtijd)
[debug] [2023-02-08T21:55:47.648Z] ----------------------------------------------------------------------
[debug] 
[debug] [2023-02-08T21:55:47.655Z] > command requires scopes: ["email","openid","https://www.googleapis.com/auth/cloudplatformprojects.readonly","https://www.googleapis.com/auth/firebase","https://www.googleapis.com/auth/cloud-platform"]
[debug] [2023-02-08T21:55:47.655Z] > authorizing via signed-in user (martijn.eur@gmail.com)
[info] 
     ######## #### ########  ######## ########     ###     ######  ########
     ##        ##  ##     ## ##       ##     ##  ##   ##  ##       ##
     ######    ##  ########  ######   ########  #########  ######  ######
     ##        ##  ##    ##  ##       ##     ## ##     ##       ## ##
     ##       #### ##     ## ######## ########  ##     ##  ######  ########

You're about to initialize a Firebase project in this directory:

  C:\Users\marti\OneDrive\Bureaublad\3dmc

[info] 
=== Project Setup
[info] 
[info] First, let's associate this project directory with a Firebase project.
[info] You can create multiple project aliases by running firebase use --add, 
[info] but for now we'll just set up a default project.
[info] 
[debug] [2023-02-08T21:56:09.836Z] > refreshing access token with scopes: []
[debug] [2023-02-08T21:56:09.837Z] >>> [apiv2][query] POST https://www.googleapis.com/oauth2/v3/token [none]
[debug] [2023-02-08T21:56:09.838Z] >>> [apiv2][body] POST https://www.googleapis.com/oauth2/v3/token [omitted]
[debug] [2023-02-08T21:56:10.007Z] <<< [apiv2][status] POST https://www.googleapis.com/oauth2/v3/token 200
[debug] [2023-02-08T21:56:10.007Z] <<< [apiv2][body] POST https://www.googleapis.com/oauth2/v3/token [omitted]
[debug] [2023-02-08T21:56:10.028Z] >>> [apiv2][query] GET https://firebase.googleapis.com/v1beta1/projects pageSize=100
[debug] [2023-02-08T21:56:10.775Z] <<< [apiv2][status] GET https://firebase.googleapis.com/v1beta1/projects 200
[debug] [2023-02-08T21:56:10.775Z] <<< [apiv2][body] GET https://firebase.googleapis.com/v1beta1/projects [omitted]
[info] i  Using project dmc-1dd35 (3dmc) 
[info] 
=== Hosting Setup
[info] 
[info] Your public directory is the folder (relative to your project directory) that
[info] will contain Hosting assets to be uploaded with firebase deploy. If you
[info] have a build process for your assets, use your build's output directory.
[info] 
[info] +  Wrote public/404.html 
[debug] [2023-02-08T21:57:18.035Z] >>> [apiv2][query] GET https://www.gstatic.com/firebasejs/releases.json [none]
[debug] [2023-02-08T21:57:18.126Z] <<< [apiv2][status] GET https://www.gstatic.com/firebasejs/releases.json 200
[debug] [2023-02-08T21:57:18.127Z] <<< [apiv2][body] GET https://www.gstatic.com/firebasejs/releases.json {"current":{"version":"9.17.1","browserURL":"https://www.gstatic.com/firebasejs/9.17.1/firebase.js","packageURL":"https://www.gstatic.com/firebasejs/9.17.1/firebase.tgz"},"live":{"version":"9.17","browserURL":"https://www.gstatic.com/firebasejs/live/9.17/firebase.js","packageURL":"https://www.gstatic.com/firebasejs/live/9.17/firebase.tgz"},"components":{"analytics":"https://www.gstatic.com/firebasejs/9.17.1/firebase-analytics.js","app":"https://www.gstatic.com/firebasejs/9.17.1/firebase-app.js","app-check":"https://www.gstatic.com/firebasejs/9.17.1/firebase-app-check.js","auth":"https://www.gstatic.com/firebasejs/9.17.1/firebase-auth.js","auth/cordova":"https://www.gstatic.com/firebasejs/9.17.1/firebase-auth/cordova.js","auth/react-native":"https://www.gstatic.com/firebasejs/9.17.1/firebase-auth/react-native.js","functions":"https://www.gstatic.com/firebasejs/9.17.1/firebase-functions.js","firestore":"https://www.gstatic.com/firebasejs/9.17.1/firebase-firestore.js","firestore/lite":"https://www.gstatic.com/firebasejs/9.17.1/firebase-firestore/lite.js","installations":"https://www.gstatic.com/firebasejs/9.17.1/firebase-installations.js","storage":"https://www.gstatic.com/firebasejs/9.17.1/firebase-storage.js","performance":"https://www.gstatic.com/firebasejs/9.17.1/firebase-performance.js","remote-config":"https://www.gstatic.com/firebasejs/9.17.1/firebase-remote-config.js","messaging":"https://www.gstatic.com/firebasejs/9.17.1/firebase-messaging.js","messaging/sw":"https://www.gstatic.com/firebasejs/9.17.1/firebase-messaging/sw.js","database":"https://www.gstatic.com/firebasejs/9.17.1/firebase-database.js","firestore.memory":"https://www.gstatic.com/firebasejs/9.17.1/firebase-firestore.memory.js"}}
[info] i  Skipping write of public/index.html 
[info] 
[info] i  Didn't detect a .git folder. Assuming C:\Users\marti\OneDrive\Bureaublad\3dmc is the project root. 
[info] i  Authorizing with GitHub to upload your service account to a GitHub repository's secrets store. 
[info] 
[info] Visit this URL on this device to log in:
[info] https://github.com/login/oauth/authorize?client_id=89cf50f02ac6aaed3484&state=832620223&redirect_uri=http%3A%2F%2Flocalhost%3A9005&scope=read%3Auser%20repo%20public_repo
[info] 
[info] Waiting for authentication...
[debug] [2023-02-08T21:57:27.526Z] >>> [apiv2][query] POST https://github.com/login/oauth/access_token [none]
[debug] [2023-02-08T21:57:27.526Z] >>> [apiv2][body] POST https://github.com/login/oauth/access_token [stream]
[debug] [2023-02-08T21:57:27.827Z] <<< [apiv2][status] POST https://github.com/login/oauth/access_token 200
[debug] [2023-02-08T21:57:27.827Z] <<< [apiv2][body] POST https://github.com/login/oauth/access_token {"access_token":"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","token_type":"bearer","scope":"read:user,repo"}
[debug] [2023-02-08T21:57:27.830Z] >>> [apiv2][query] GET https://api.github.com/user [none]
[debug] [2023-02-08T21:57:28.110Z] <<< [apiv2][status] GET https://api.github.com/user 200
[debug] [2023-02-08T21:57:28.110Z] <<< [apiv2][body] GET https://api.github.com/user {"login":"tinus530","id":124708311,"node_id":"U_kgDOB27l1w","avatar_url":"https://avatars.githubusercontent.com/u/124708311?v=4","gravatar_id":"","url":"https://api.github.com/users/tinus530","html_url":"https://github.com/tinus530","followers_url":"https://api.github.com/users/tinus530/followers","following_url":"https://api.github.com/users/tinus530/following{/other_user}","gists_url":"https://api.github.com/users/tinus530/gists{/gist_id}","starred_url":"https://api.github.com/users/tinus530/starred{/owner}{/repo}","subscriptions_url":"https://api.github.com/users/tinus530/subscriptions","organizations_url":"https://api.github.com/users/tinus530/orgs","repos_url":"https://api.github.com/users/tinus530/repos","events_url":"https://api.github.com/users/tinus530/events{/privacy}","received_events_url":"https://api.github.com/users/tinus530/received_events","type":"User","site_admin":false,"name":null,"company":null,"blog":"","location":null,"email":null,"hireable":null,"bio":null,"twitter_username":null,"public_repos":0,"public_gists":0,"followers":0,"following":0,"created_at":"2023-02-07T16:28:27Z","updated_at":"2023-02-08T14:19:36Z","private_gists":0,"total_private_repos":0,"owned_private_repos":0,"disk_usage":0,"collaborators":0,"two_factor_authentication":false,"plan":{"name":"free","space":976562499,"collaborators":0,"private_repos":10000}}
[info] 
[info] +  Success! Logged into GitHub as tinus530 
[info] 
